<?xml version="1.0" encoding="UTF-8"?>
<testsuite name="com.training.springcore.service.CaptorServiceTest" tests="2" skipped="0" failures="0" errors="0" timestamp="2018-07-24T06:38:44" hostname="devmind-XPS-15-9530" time="0.031">
  <properties/>
  <testcase name="findBySite" classname="com.training.springcore.service.CaptorServiceTest" time="0.031"/>
  <testcase name="findBySiteShouldReturnNullWhenIdIsNull" classname="com.training.springcore.service.CaptorServiceTest" time="0.0"/>
  <system-out><![CDATA[]]></system-out>
  <system-err><![CDATA[]]></system-err>
</testsuite>
