<?xml version="1.0" encoding="UTF-8"?>
<testsuite name="com.training.spring.bigcorp.service.CaptorServiceImplTest" tests="2" skipped="0" failures="0" errors="0" timestamp="2018-09-12T12:47:48" hostname="DESKTOP-384HBT0" time="0.099">
  <properties/>
  <testcase name="findBySite" classname="com.training.spring.bigcorp.service.CaptorServiceImplTest" time="0.099"/>
  <testcase name="findBySiteShouldReturnNullWhenIdIsNull" classname="com.training.spring.bigcorp.service.CaptorServiceImplTest" time="0.0"/>
  <system-out><![CDATA[]]></system-out>
  <system-err><![CDATA[]]></system-err>
</testsuite>
