<?xml version="1.0" encoding="UTF-8"?>
<testsuite name="com.training.spring.bigcorp.service.SiteServiceImplTest" tests="5" skipped="0" failures="0" errors="0" timestamp="2018-09-12T12:47:49" hostname="DESKTOP-384HBT0" time="0.953">
  <properties/>
  <testcase name="findById" classname="com.training.spring.bigcorp.service.SiteServiceImplTest" time="0.136"/>
  <testcase name="readFileFromClasspath" classname="com.training.spring.bigcorp.service.SiteServiceImplTest" time="0.012"/>
  <testcase name="readFileFromFileSystem" classname="com.training.spring.bigcorp.service.SiteServiceImplTest" time="0.008"/>
  <testcase name="findByIdShouldReturnNullWhenIdIsNull" classname="com.training.spring.bigcorp.service.SiteServiceImplTest" time="0.002"/>
  <testcase name="readFileFromUrl" classname="com.training.spring.bigcorp.service.SiteServiceImplTest" time="0.791"/>
  <system-out><![CDATA[Init CaptorServiceImpl :com.training.spring.bigcorp.service.CaptorServiceImpl@441ddb93
Init SiteServiceImpl :com.training.spring.bigcorp.service.SiteServiceImpl@7f36085
Init SiteServiceImpl :com.training.spring.bigcorp.service.SiteServiceImpl@390badc8
Appel de findById :com.training.spring.bigcorp.service.SiteServiceImpl@390badc8
Init SiteServiceImpl :com.training.spring.bigcorp.service.SiteServiceImpl@63485af9
Lorem ipsum dolor sit amet, consectetur adipiscing elit, sed do eiusmod tempor
incididunt ut labore et dolore magna aliqua.
Ut enim ad minim veniam, quis nostrud exercitation ullamco laboris nisi ut aliquip ex
ea commodo consequat.
Duis aute irure dolor in reprehenderit in voluptate velit esse cillum dolore eu fugiat
nulla pariatur.
Excepteur sint occaecat cupidatat non proident, sunt in culpa qui officia deserunt
mollit anim id est laborum.
Init SiteServiceImpl :com.training.spring.bigcorp.service.SiteServiceImpl@456cfed1
Lorem ipsum dolor sit amet, consectetur adipiscing elit, sed do eiusmod tempor
incididunt ut labore et dolore magna aliqua.
Ut enim ad minim veniam, quis nostrud exercitation ullamco laboris nisi ut aliquip ex
ea commodo consequat.
Duis aute irure dolor in reprehenderit in voluptate velit esse cillum dolore eu fugiat
nulla pariatur.
Excepteur sint occaecat cupidatat non proident, sunt in culpa qui officia deserunt
mollit anim id est laborum.
Init SiteServiceImpl :com.training.spring.bigcorp.service.SiteServiceImpl@35e61c59
Appel de findById :com.training.spring.bigcorp.service.SiteServiceImpl@35e61c59
Init SiteServiceImpl :com.training.spring.bigcorp.service.SiteServiceImpl@8a49b47
Lorem ipsum dolor sit amet, consectetur adipiscing elit, sed do eiusmod tempor incididunt ut labore et dolore magna aliqua.
Ut enim ad minim veniam, quis nostrud exercitation ullamco laboris nisi ut aliquip ex ea commodo consequat.
Duis aute irure dolor in reprehenderit in voluptate velit esse cillum dolore eu fugiat nulla pariatur.
Excepteur sint occaecat cupidatat non proident, sunt in culpa qui officia deserunt mollit anim id est laborum.
]]></system-out>
  <system-err><![CDATA[sept. 12, 2018 2:47:48 PM org.springframework.test.context.support.AbstractTestContextBootstrapper getDefaultTestExecutionListenerClassNames
INFOS: Loaded default TestExecutionListener class names from location [META-INF/spring.factories]: [org.springframework.test.context.web.ServletTestExecutionListener, org.springframework.test.context.support.DirtiesContextBeforeModesTestExecutionListener, org.springframework.test.context.support.DependencyInjectionTestExecutionListener, org.springframework.test.context.support.DirtiesContextTestExecutionListener, org.springframework.test.context.transaction.TransactionalTestExecutionListener, org.springframework.test.context.jdbc.SqlScriptsTestExecutionListener]
sept. 12, 2018 2:47:48 PM org.springframework.test.context.support.AbstractTestContextBootstrapper getTestExecutionListeners
INFOS: Using TestExecutionListeners: [org.springframework.test.context.support.DirtiesContextBeforeModesTestExecutionListener@56cee5b0, org.springframework.test.context.support.DependencyInjectionTestExecutionListener@540077f9, org.springframework.test.context.support.DirtiesContextTestExecutionListener@15a913b]
sept. 12, 2018 2:47:48 PM org.springframework.context.support.AbstractApplicationContext prepareRefresh
INFOS: Refreshing org.springframework.context.support.GenericApplicationContext@3f957df8: startup date [Wed Sep 12 14:47:48 CEST 2018]; root of context hierarchy
]]></system-err>
</testsuite>
