<?xml version="1.0" encoding="UTF-8"?>
<testsuite name="com.training.spring.bigcorp.service.measure.FixedMeasureServiceTest" tests="2" skipped="0" failures="0" errors="0" timestamp="2018-09-12T12:47:48" hostname="DESKTOP-384HBT0" time="0.038">
  <properties/>
  <testcase name="readMeasuresThrowsExceptionWhenArgIsNull" classname="com.training.spring.bigcorp.service.measure.FixedMeasureServiceTest" time="0.031"/>
  <testcase name="readMeasures" classname="com.training.spring.bigcorp.service.measure.FixedMeasureServiceTest" time="0.006"/>
  <system-out><![CDATA[]]></system-out>
  <system-err><![CDATA[sept. 12, 2018 2:47:48 PM org.springframework.test.context.support.AbstractTestContextBootstrapper getDefaultTestExecutionListenerClassNames
INFOS: Loaded default TestExecutionListener class names from location [META-INF/spring.factories]: [org.springframework.test.context.web.ServletTestExecutionListener, org.springframework.test.context.support.DirtiesContextBeforeModesTestExecutionListener, org.springframework.test.context.support.DependencyInjectionTestExecutionListener, org.springframework.test.context.support.DirtiesContextTestExecutionListener, org.springframework.test.context.transaction.TransactionalTestExecutionListener, org.springframework.test.context.jdbc.SqlScriptsTestExecutionListener]
sept. 12, 2018 2:47:48 PM org.springframework.test.context.support.AbstractTestContextBootstrapper getTestExecutionListeners
INFOS: Using TestExecutionListeners: [org.springframework.test.context.support.DirtiesContextBeforeModesTestExecutionListener@6a9882e2, org.springframework.test.context.support.DependencyInjectionTestExecutionListener@2997b860, org.springframework.test.context.support.DirtiesContextTestExecutionListener@b42b071]
sept. 12, 2018 2:47:48 PM org.springframework.context.support.AbstractApplicationContext prepareRefresh
INFOS: Refreshing org.springframework.context.support.GenericApplicationContext@3c98215f: startup date [Wed Sep 12 14:47:48 CEST 2018]; root of context hierarchy
]]></system-err>
</testsuite>
