<?xml version="1.0" encoding="UTF-8"?>
<testsuite name="com.training.springcore.service.measure.SimulatedMeasureServiceTest" tests="2" skipped="0" failures="0" errors="0" timestamp="2018-07-24T06:38:45" hostname="devmind-XPS-15-9530" time="0.004">
  <properties/>
  <testcase name="readMeasuresThrowsExceptionWhenArgIsNull" classname="com.training.springcore.service.measure.SimulatedMeasureServiceTest" time="0.002"/>
  <testcase name="readMeasures" classname="com.training.springcore.service.measure.SimulatedMeasureServiceTest" time="0.001"/>
  <system-out><![CDATA[]]></system-out>
  <system-err><![CDATA[Jul 24, 2018 8:38:45 AM org.springframework.test.context.support.AbstractTestContextBootstrapper getDefaultTestExecutionListenerClassNames
INFO: Loaded default TestExecutionListener class names from location [META-INF/spring.factories]: [org.springframework.test.context.web.ServletTestExecutionListener, org.springframework.test.context.support.DirtiesContextBeforeModesTestExecutionListener, org.springframework.test.context.support.DependencyInjectionTestExecutionListener, org.springframework.test.context.support.DirtiesContextTestExecutionListener, org.springframework.test.context.transaction.TransactionalTestExecutionListener, org.springframework.test.context.jdbc.SqlScriptsTestExecutionListener]
Jul 24, 2018 8:38:45 AM org.springframework.test.context.support.AbstractTestContextBootstrapper getTestExecutionListeners
INFO: Using TestExecutionListeners: [org.springframework.test.context.support.DirtiesContextBeforeModesTestExecutionListener@3f7fca81, org.springframework.test.context.support.DependencyInjectionTestExecutionListener@1237103d, org.springframework.test.context.support.DirtiesContextTestExecutionListener@7921f09f]
]]></system-err>
</testsuite>
