<?xml version="1.0" encoding="UTF-8"?>
<testsuite name="com.training.spring.bigcorp.service.CaptorServiceImplTest" tests="2" skipped="0" failures="0" errors="0" timestamp="2018-09-11T22:09:23" hostname="PC-Tanbi" time="0.095">
  <properties/>
  <testcase name="findBySite" classname="com.training.spring.bigcorp.service.CaptorServiceImplTest" time="0.094"/>
  <testcase name="findBySiteShouldReturnNullWhenIdIsNull" classname="com.training.spring.bigcorp.service.CaptorServiceImplTest" time="0.001"/>
  <system-out><![CDATA[]]></system-out>
  <system-err><![CDATA[]]></system-err>
</testsuite>
